<?xml version="1.0" encoding="UTF-8"?>
<testng-results skipped="0" failed="0" total="1" passed="1">
  <reporter-output>
  </reporter-output>
  <suite name="Default suite" duration-ms="24" started-at="2019-09-02T18:12:03Z" finished-at="2019-09-02T18:12:03Z">
    <groups>
    </groups>
    <test name="Default test" duration-ms="24" started-at="2019-09-02T18:12:03Z" finished-at="2019-09-02T18:12:03Z">
      <class name="audit.AspectDiffTest">
        <test-method status="PASS" signature="test()" name="test" duration-ms="13" started-at="2019-09-02T18:12:03Z" finished-at="2019-09-02T18:12:03Z">
        </test-method>
      </class>
    </test>
  </suite>
</testng-results>
